<?xml version="1.0" encoding="UTF-8"?>
<testng-results ignored="0" total="2" passed="2" failed="0" skipped="0">
  <reporter-output>
  </reporter-output>
  <suite started-at="2022-01-17T10:21:26 IST" name="Suite1" finished-at="2022-01-17T10:21:26 IST" duration-ms="31">
    <groups>
    </groups>
    <test started-at="2022-01-17T10:21:26 IST" name="Firsttest" finished-at="2022-01-17T10:21:26 IST" duration-ms="31">
      <class name="com.vs.MyFirstTest">
        <test-method signature="test1()[pri:0, instance:com.vs.MyFirstTest@61386958]" started-at="2022-01-17T10:21:26 IST" name="test1" finished-at="2022-01-17T10:21:26 IST" duration-ms="15" status="PASS">
          <reporter-output>
          </reporter-output>
        </test-method> <!-- test1 -->
        <test-method signature="test2()[pri:0, instance:com.vs.MyFirstTest@61386958]" started-at="2022-01-17T10:21:26 IST" name="test2" finished-at="2022-01-17T10:21:26 IST" duration-ms="0" status="PASS">
          <reporter-output>
          </reporter-output>
        </test-method> <!-- test2 -->
      </class> <!-- com.vs.MyFirstTest -->
    </test> <!-- Firsttest -->
  </suite> <!-- Suite1 -->
</testng-results>
