<?xml version="1.0" encoding="UTF-8"?>
<testng-results skipped="0" failed="0" ignored="0" total="2" passed="2">
  <reporter-output>
  </reporter-output>
  <suite name="Suite1" duration-ms="31" started-at="2022-01-17T17:46:53 IST" finished-at="2022-01-17T17:46:53 IST">
    <groups>
    </groups>
    <test name="Firsttest" duration-ms="31" started-at="2022-01-17T17:46:53 IST" finished-at="2022-01-17T17:46:53 IST">
      <class name="com.vs.MyFirstTest">
        <test-method status="PASS" signature="test1()[pri:0, instance:com.vs.MyFirstTest@26aa12dd]" name="test1" duration-ms="3" started-at="2022-01-17T17:46:53 IST" finished-at="2022-01-17T17:46:53 IST">
          <reporter-output>
          </reporter-output>
        </test-method> <!-- test1 -->
        <test-method status="PASS" signature="test2()[pri:0, instance:com.vs.MyFirstTest@26aa12dd]" name="test2" duration-ms="0" started-at="2022-01-17T17:46:53 IST" finished-at="2022-01-17T17:46:53 IST">
          <reporter-output>
          </reporter-output>
        </test-method> <!-- test2 -->
      </class> <!-- com.vs.MyFirstTest -->
    </test> <!-- Firsttest -->
  </suite> <!-- Suite1 -->
</testng-results>
